C51 COMPILER V9.57.0.0   20260128_FINAL2                                                   01/29/2026 14:00:29 PAGE 1   


C51 COMPILER V9.57.0.0, COMPILATION OF MODULE 20260128_FINAL2
OBJECT MODULE PLACED IN .\Objects\20260128_Final2.obj
COMPILER INVOKED BY: C:\Keil_v5\C51\BIN\C51.EXE 20260128_Final2.c OPTIMIZE(8,SPEED) BROWSE DEBUG OBJECTEXTEND PRINT(.\Li
                    -stings\20260128_Final2.lst) TABS(2) OBJECT(.\Objects\20260128_Final2.obj)

line level    source

   1          #include <reg51.h>
   2          
   3          // 引脚定义
   4          sbit KEY_R  = P3^0; // 右
   5          sbit KEY_L  = P3^1; // 左
   6          sbit KEY_U  = P3^2; // 上 (INT0)
   7          sbit KEY_D  = P3^3; // 下
   8          
   9          sbit DS     = P3^4; // 74HC595 数据输入
  10          sbit ST_CP  = P3^5; // 74HC595 锁存时钟
  11          sbit SH_CP  = P3^6; // 74HC595 移位时钟
  12          
  13          // 全局变量
  14          #define MAX_LEN 32
  15          
  16          // 蛇身坐标信息
  17          unsigned char snakeX[MAX_LEN];
  18          unsigned char snakeY[MAX_LEN];
  19          unsigned char snakeLen;
  20          
  21          // 方向: 0:右, 1:左, 2:上, 3:下
  22          unsigned char dir;     
  23          unsigned char nextDir; 
  24          
  25          // 显存缓冲
  26          // 存储该行的列数据
  27          // 显存索引0对应顶行 (Y=0)
  28          // 数据位7对应最左列 (X=0)
  29          unsigned char displayBuffer[8]; 
  30          
  31          unsigned char timerCount = 0;
  32          bit gameOver = 0;
  33          
  34          // 函数声明
  35          void DelayMs(unsigned int ms)
  36          {
  37   1          unsigned int x, y;
  38   1          for(x = ms; x > 0; x--)
  39   1              for(y = 110; y > 0; y--);
  40   1      }
  41          void HC595_Send(unsigned char dat);
  42          void UpdateDisplayBuffer();
  43          void DisplayScan();
  44          void GameInit();
  45          void MoveSnake();
  46          void CheckButtons();
  47          void GameOverAnimation();
  48          
  49          // 主函数
  50          void main()
  51          {
  52   1          // 定时器0初始化
  53   1          TMOD = 0x01; 
  54   1          TH0 = (65536 - 50000) / 256; 
C51 COMPILER V9.57.0.0   20260128_FINAL2                                                   01/29/2026 14:00:29 PAGE 2   

  55   1          TL0 = (65536 - 50000) % 256;
  56   1          EA = 1;  
  57   1          ET0 = 1; 
  58   1          TR0 = 1; 
  59   1      
  60   1          // 外部中断0配置
  61   1          IT0 = 1; // 下降沿触发
  62   1          EX0 = 0; // 游戏初始化时关闭
  63   1      
  64   1          GameInit();
  65   1      
  66   1          while(1)
  67   1          {
  68   2              if (!gameOver)
  69   2              {
  70   3                  CheckButtons();    
  71   3                  DisplayScan();     
  72   3              }
  73   2              else
  74   2              {
  75   3                  DisplayScan();
  76   3              }
  77   2          }
  78   1      }
  79          
  80          // 中断服务
  81          void Timer0_ISR() interrupt 1
  82          {
  83   1          TH0 = (65536 - 50000) / 256; // 50ms
  84   1          TL0 = (65536 - 50000) % 256;
  85   1      
  86   1          if (!gameOver)
  87   1          {
  88   2              timerCount++;
  89   2              if (timerCount >= 20) // 1s 移动一次
  90   2              {
  91   3                  timerCount = 0;
  92   3                  MoveSnake();
  93   3              }
  94   2          }
  95   1      }
  96          
  97          void External0_ISR() interrupt 0
  98          {
  99   1          // 重置游戏数据
 100   1          GameInit();
 101   1      
 102   1          while (KEY_U == 0)
 103   1          {
 104   2              DisplayScan(); 
 105   2          }
 106   1          EX0 = 0; // 关闭中断
 107   1          TR0 = 1; 
 108   1          IE0 = 0; // 清除中断标志
 109   1      }
 110          
 111          // ===== 游戏逻辑层 =====
 112          
 113          void GameInit()
 114          {
 115   1          unsigned char i;
 116   1          
C51 COMPILER V9.57.0.0   20260128_FINAL2                                                   01/29/2026 14:00:29 PAGE 3   

 117   1          // 长度5，位置左上角，向右移动
 118   1          snakeLen = 5;
 119   1          dir = 0; 
 120   1          nextDir = 0;
 121   1          
 122   1          for(i=0; i<snakeLen; i++)
 123   1          {
 124   2              snakeX[i] = 4 - i; 
 125   2              snakeY[i] = 0;     
 126   2          }
 127   1      
 128   1          gameOver = 0;
 129   1          timerCount = 0;
 130   1          UpdateDisplayBuffer();
 131   1      }
 132          
 133          // 按键防反向
 134          void CheckButtons()
 135          {
 136   1          if(KEY_R == 0) { if(dir != 1) nextDir = 0; }
 137   1          if(KEY_L == 0) { if(dir != 0) nextDir = 1; }
 138   1          if(KEY_U == 0) { if(dir != 3) nextDir = 2; }
 139   1          if(KEY_D == 0) { if(dir != 2) nextDir = 3; }
 140   1      }
 141          
 142          void MoveSnake()
 143          {
 144   1          signed char newHeadX, newHeadY;
 145   1          unsigned char i;
 146   1      
 147   1          dir = nextDir;
 148   1          newHeadX = snakeX[0];
 149   1          newHeadY = snakeY[0];
 150   1      
 151   1          switch(dir)
 152   1          {
 153   2              case 0: newHeadX++; break; // 右
 154   2              case 1: newHeadX--; break; // 左
 155   2              case 2: newHeadY--; break; // 上
 156   2              case 3: newHeadY++; break; // 下
 157   2          }
 158   1      
 159   1          // 撞墙检测
 160   1          if (newHeadX < 0 || newHeadX > 7 || newHeadY < 0 || newHeadY > 7)
 161   1          {
 162   2              GameOverAnimation(); return;
 163   2          }
 164   1      
 165   1          // 撞自身检测
 166   1          for (i = 0; i < snakeLen; i++)
 167   1          {
 168   2              if (snakeX[i] == newHeadX && snakeY[i] == newHeadY)
 169   2              {
 170   3                  GameOverAnimation(); return;
 171   3              }
 172   2          }
 173   1      
 174   1          // 移动身体
 175   1          for (i = snakeLen; i > 0; i--)
 176   1          {
 177   2              snakeX[i] = snakeX[i-1];
 178   2              snakeY[i] = snakeY[i-1];
C51 COMPILER V9.57.0.0   20260128_FINAL2                                                   01/29/2026 14:00:29 PAGE 4   

 179   2          }
 180   1      
 181   1          // 更新头部
 182   1          snakeX[0] = newHeadX;
 183   1          snakeY[0] = newHeadY;
 184   1      
 185   1          UpdateDisplayBuffer();
 186   1      }
 187          
 188          // 映射函数：将逻辑坐标转换为物理显存
 189          void UpdateDisplayBuffer()
 190          {
 191   1          unsigned char x, y, i;
 192   1          
 193   1          // 清空显存
 194   1          for(i=0; i<8; i++) displayBuffer[i] = 0x00;
 195   1      
 196   1          for(i=0; i<snakeLen; i++)
 197   1          {
 198   2              x = snakeX[i];
 199   2              y = snakeY[i];
 200   2              
 201   2              if(x < 8 && y < 8)
 202   2              {
 203   3                  displayBuffer[y] |= (1 << (7 - x));
 204   3              }
 205   2          }
 206   1      }
 207          
 208          void GameOverAnimation()
 209          {
 210   1          unsigned char y, i;
 211   1          gameOver = 1; 
 212   1          
 213   1          // 逐行点亮动画
 214   1          for (y = 8; y > 0; y--) 
 215   1          {
 216   2              displayBuffer[y-1] = 0xFF; 
 217   2              
 218   2              for (i = 0; i < 30; i++) 
 219   2              {
 220   3                  DisplayScan();
 221   3                  DelayMs(2);
 222   3              }
 223   2          }
 224   1      
 225   1          IE0 = 0; // 清除中断标志
 226   1          EX0 = 1; // 开启中断
 227   1      }
 228          
 229          // ===== 驱动层 =====
 230          
 231          void HC595_Send(unsigned char dat)
 232          {
 233   1          unsigned char i;
 234   1          for (i = 0; i < 8; i++)
 235   1          {
 236   2              if (dat & 0x80) DS = 1; else DS = 0;
 237   2              SH_CP = 0; SH_CP = 1; 
 238   2              dat <<= 1;
 239   2          }
 240   1          ST_CP = 0; ST_CP = 1; 
C51 COMPILER V9.57.0.0   20260128_FINAL2                                                   01/29/2026 14:00:29 PAGE 5   

 241   1      }
 242          
 243          void DisplayScan()
 244          {
 245   1          unsigned char row;
 246   1          unsigned char rowSelect;
 247   1      
 248   1          // 扫描每一行 (Y轴)
 249   1          for (row = 0; row < 8; row++)
 250   1          {
 251   2              // 行选
 252   2              rowSelect = (1 << (7 - row));
 253   2              HC595_Send(rowSelect);
 254   2      
 255   2              // 列选
 256   2              P0 = ~displayBuffer[row]; 
 257   2      
 258   2              DelayMs(1); 
 259   2              P0 = 0xFF;
 260   2          }
 261   1      }


MODULE INFORMATION:   STATIC OVERLAYABLE
   CODE SIZE        =    669    ----
   CONSTANT SIZE    =   ----    ----
   XDATA SIZE       =   ----    ----
   PDATA SIZE       =   ----    ----
   DATA SIZE        =     76       5
   IDATA SIZE       =   ----    ----
   BIT SIZE         =      1    ----
END OF MODULE INFORMATION.


C51 COMPILATION COMPLETE.  0 WARNING(S),  0 ERROR(S)
