C51 COMPILER V9.57.0.0   COUNTDOWN_TIMER                                                   12/24/2025 18:08:07 PAGE 1   


C51 COMPILER V9.57.0.0, COMPILATION OF MODULE COUNTDOWN_TIMER
OBJECT MODULE PLACED IN .\Objects\Countdown_Timer.obj
COMPILER INVOKED BY: C:\Keil_v5\C51\BIN\C51.EXE Countdown_Timer.c OPTIMIZE(8,SPEED) BROWSE DEBUG OBJECTEXTEND PRINT(.\Li
                    -stings\Countdown_Timer.lst) TABS(2) OBJECT(.\Objects\Countdown_Timer.obj)

line level    source

   1          #include <REG51.H>
   2          
   3          sbit KEY1 = P3^0; //设置按键
   4          sbit KEY_INC = P3^2; // 增加键
   5          sbit KEY_DEC = P3^3; // 减少键
   6          
   7          unsigned char segCode[10]={0x3f, 0x06, 0x5b, 0x4f, 0x66, 0x6d, 0x7d, 0x27, 0x7f, 0x6f};
   8          unsigned char disp[8]={0x3f, 0x06, 0, 0, 0, 0, 0, 0};
   9          unsigned int countdown = 10, countdown_init = 10;
  10          bit blink_flag=1, setting_mode=0, start_flag=0, pause_flag=0;
  11          unsigned char tick50ms=0;
  12          
  13          //软件延时
  14          void timedelay(int ms){
  15   1          unsigned int i,j;
  16   1          for(i=0; i<ms; i++){
  17   2              for(j=0; j<120; j++){
  18   3              }
  19   2          }
  20   1      }
  21          
  22          void update_display_from_count(unsigned int val){
  23   1          unsigned char i;
  24   1          for(i=0; i<8; i++){
  25   2              disp[i] = segCode[val % 10];
  26   2              val /= 10;
  27   2              if(val == 0){
  28   3                  disp[i+1] = 0; //高位补0
  29   3                  break;
  30   3              }
  31   2          }
  32   1      }
  33          
  34          void show(){
  35   1          unsigned char i;
  36   1          for(i=0; i<8; i++){
  37   2              P2 &= 0xe3; //不更改P2端口其它输出情况的同时，使三口改变输出
  38   2              P2 |= (i<<2);
  39   2              if(setting_mode == 1 && blink_flag == 0){
  40   3                  P0=0x00;
  41   3              }
  42   2              else if(setting_mode == 0 && start_flag == 1 && pause_flag == 1){
  43   3                  if(i == 3){
  44   4                      P0=0x36; //显示暂停符号
  45   4                  }
  46   3                  else{
  47   4                      P0=0x00;
  48   4                  }
  49   3              }
  50   2              else if(setting_mode == 0 && start_flag == 0 && pause_flag == 1){
  51   3                  if(i == 7){
  52   4                      P0=0x49; //显示停止符号
  53   4                  }
  54   3                  else{
C51 COMPILER V9.57.0.0   COUNTDOWN_TIMER                                                   12/24/2025 18:08:07 PAGE 2   

  55   4                      P0=0x00;
  56   4                  }
  57   3              }
  58   2              else{
  59   3                  P0=disp[i];
  60   3              }
  61   2              timedelay(1);
  62   2          }
  63   1      }
  64          
  65          void check(){
  66   1          //KEY1：进入设置
  67   1          if(KEY1 == 0){
  68   2              timedelay(20);
  69   2              if(KEY1 == 0){
  70   3                  while(KEY1 == 0); //等待按键释放
  71   3                  timedelay(20);
  72   3                  setting_mode = !setting_mode;
  73   3                  if(setting_mode == 0){
  74   4                      blink_flag = 1; //退出设置模式时，确保显示不闪烁
  75   4                  }
  76   3                  else{
  77   4                      blink_flag = 0; //进入设置模式时，开始闪烁
  78   4                  }
  79   3              }
  80   2          }
  81   1          if(countdown == 0){                  
  82   2              pause_flag = 1;
  83   2              start_flag = 0;
  84   2          }
  85   1      }
  86          
  87          void timer0() interrupt 1{
  88   1          TL0=(65535-50000)%256;
  89   1          TH0=(65535-50000)/256;
  90   1          TF0=0; //清除定时器0溢出标志
  91   1          TR0=1; //启动定时器0
  92   1          tick50ms++;
  93   1          if(tick50ms >= 10 && setting_mode == 1){
  94   2              tick50ms=0;
  95   2              blink_flag = !blink_flag; //切换闪烁状态
  96   2          }
  97   1          else if(tick50ms >= 20 && setting_mode == 0 && start_flag == 1){
  98   2              tick50ms=0;
  99   2              if(pause_flag == 1){
 100   3                  return;
 101   3              }
 102   2              if(countdown > 0){
 103   3                  countdown--;
 104   3                  update_display_from_count(countdown);
 105   3              }
 106   2          }
 107   1          else if(tick50ms >= 40 && setting_mode == 0 && start_flag == 0 && pause_flag == 1){
 108   2              tick50ms=0;
 109   2              countdown = countdown_init;
 110   2              start_flag=0;
 111   2              pause_flag=0;
 112   2              update_display_from_count(countdown);
 113   2          }
 114   1          else if(tick50ms >= 50){
 115   2              tick50ms=0;
 116   2          }
C51 COMPILER V9.57.0.0   COUNTDOWN_TIMER                                                   12/24/2025 18:08:07 PAGE 3   

 117   1      }
 118          
 119          void external0() interrupt 0{
 120   1          if(setting_mode == 1){
 121   2              if(countdown < 99999999) countdown++;
 122   2              update_display_from_count(countdown);
 123   2              countdown_init = countdown;
 124   2          }
 125   1          else if(pause_flag == 1){
 126   2              return;
 127   2          }
 128   1          else{
 129   2              start_flag = 1;
 130   2          }
 131   1      }
 132          
 133          void external1() interrupt 2{
 134   1          if(setting_mode == 1){
 135   2              if(countdown > 0) countdown--;
 136   2              update_display_from_count(countdown);
 137   2              countdown_init = countdown;
 138   2          }
 139   1          else if(start_flag == 0){
 140   2              return;
 141   2          }
 142   1          else{
 143   2              pause_flag = !pause_flag;
 144   2          }
 145   1      }
 146          
 147          void init(){
 148   1          EA=1; //开总中断
 149   1          EX0=1; //开外中断0
 150   1          ET0=1; //开定时器0中断
 151   1          EX1=1; //开外中断1
 152   1      
 153   1          IT0=1; //设置外中断0为边沿触发方式
 154   1          IT1=1; //设置外中断1为边沿触发方式
 155   1          TMOD=0x01; //设置定时器0为模式1
 156   1          TL0=(65535-50000)%256;
 157   1          TH0=(65535-50000)/256;
 158   1          TR0=1; //启动定时器0
 159   1          update_display_from_count(countdown);
 160   1      }
 161          
 162          void main(){
 163   1          init();
 164   1          while(1){
 165   2              show();
 166   2              check();
 167   2          }
 168   1      }


MODULE INFORMATION:   STATIC OVERLAYABLE
   CODE SIZE        =    599    ----
   CONSTANT SIZE    =   ----    ----
   XDATA SIZE       =   ----    ----
   PDATA SIZE       =   ----    ----
   DATA SIZE        =     23       2
   IDATA SIZE       =   ----    ----
   BIT SIZE         =      4    ----
C51 COMPILER V9.57.0.0   COUNTDOWN_TIMER                                                   12/24/2025 18:08:07 PAGE 4   

END OF MODULE INFORMATION.


C51 COMPILATION COMPLETE.  0 WARNING(S),  0 ERROR(S)
