C51 COMPILER V9.57.0.0   DIGITAL_TUBE_DYNAMIC_2                                            11/20/2025 21:14:59 PAGE 1   


C51 COMPILER V9.57.0.0, COMPILATION OF MODULE DIGITAL_TUBE_DYNAMIC_2
OBJECT MODULE PLACED IN .\Objects\Digital_Tube_Dynamic_2.obj
COMPILER INVOKED BY: C:\Keil_v5\C51\BIN\C51.EXE Digital_Tube_Dynamic_2.c OPTIMIZE(8,SPEED) BROWSE DEBUG OBJECTEXTEND PRI
                    -NT(.\Listings\Digital_Tube_Dynamic_2.lst) TABS(2) OBJECT(.\Objects\Digital_Tube_Dynamic_2.obj)

line level    source

   1          #include <reg51.h>
   2          
   3          sbit Key3=P3^2;
   4          sbit Key4=P3^3;
   5          
   6          unsigned char segCode[10]={0x3f, 0x06, 0x5b, 0x4f, 0x66, 0x6d, 0x7d, 0x27, 0x7f, 0x6f};
   7          unsigned char disp[8];
   8          
   9          unsigned char hour=23, minute=59, second=50;
  10          
  11          void calc(){
  12   1          disp[0]=segCode[second%10];
  13   1          disp[1]=segCode[second/10];
  14   1          disp[2]=0x40;
  15   1          disp[3]=segCode[minute%10];
  16   1          disp[4]=segCode[minute/10];
  17   1          disp[5]=0x40;
  18   1          disp[6]=segCode[hour%10];
  19   1          disp[7]=segCode[hour/10];
  20   1      }
  21          
  22          void timedelay(int ms){
  23   1          unsigned int i,j;
  24   1          for(i=0; i<ms; i++){
  25   2              for(j=0; j<120; j++){
  26   3              }
  27   2          }
  28   1      }
  29          
  30          void timefly()
  31          {
  32   1          if (hour == 23)
  33   1          {
  34   2              if (minute == 59)
  35   2              {
  36   3                  if (second == 59)
  37   3                  {
  38   4                      second = 0;
  39   4                      minute = 0;
  40   4                      hour = 0;
  41   4                  }
  42   3                  else
  43   3                  {
  44   4                      second++;
  45   4                  }
  46   3              }
  47   2              else
  48   2              {
  49   3                  if (second == 59)
  50   3                  {
  51   4                      second = 0;
  52   4                      minute++;
  53   4                  }
  54   3                  else
C51 COMPILER V9.57.0.0   DIGITAL_TUBE_DYNAMIC_2                                            11/20/2025 21:14:59 PAGE 2   

  55   3                  {
  56   4                      second++;
  57   4                  }
  58   3              }
  59   2          }
  60   1          else
  61   1          {
  62   2              if (minute == 59)
  63   2              {
  64   3                  if (second == 59)
  65   3                  {
  66   4                      second = 0;
  67   4                      minute = 0;
  68   4                      hour++;
  69   4                  }
  70   3                  else
  71   3                  {
  72   4                      second++;
  73   4                  }
  74   3              }
  75   2              else
  76   2              {
  77   3                  if (second == 59)
  78   3                  {
  79   4                      second = 0;
  80   4                      minute++;
  81   4                  }
  82   3                  else
  83   3                  {
  84   4                      second++;
  85   4                  }
  86   3              }
  87   2          }
  88   1      }
  89          
  90          void show(){
  91   1          unsigned char i;
  92   1          for(i=0; i<8; i++){
  93   2              P2 &= 0xe3; //不更改P2端口其它输出情况的同时，使三口改变输出
  94   2              P2 |= (i<<2);
  95   2              P0=disp[i];
  96   2              timedelay(1);
  97   2          }
  98   1      }
  99          
 100          void keycheck(){
 101   1          if(Key3 == 0){
 102   2              timedelay(100);
 103   2              timefly();
 104   2          }
 105   1          if(Key4 == 0){
 106   2              timedelay(100);
 107   2              timefly();
 108   2          }
 109   1      }
 110          
 111          void main(){
 112   1          unsigned char i;
 113   1          while(1){
 114   2              for(i=0; i<150; i++){
 115   3                  keycheck();
 116   3                  calc();
C51 COMPILER V9.57.0.0   DIGITAL_TUBE_DYNAMIC_2                                            11/20/2025 21:14:59 PAGE 3   

 117   3                  show();
 118   3              }
 119   2              timefly();
 120   2          }
 121   1      }


MODULE INFORMATION:   STATIC OVERLAYABLE
   CODE SIZE        =    266    ----
   CONSTANT SIZE    =   ----    ----
   XDATA SIZE       =   ----    ----
   PDATA SIZE       =   ----    ----
   DATA SIZE        =     21       1
   IDATA SIZE       =   ----    ----
   BIT SIZE         =   ----    ----
END OF MODULE INFORMATION.


C51 COMPILATION COMPLETE.  0 WARNING(S),  0 ERROR(S)
