C51 COMPILER V9.57.0.0   DIGITAL_TUBE_DYNAMIC_3                                            11/22/2025 14:21:10 PAGE 1   


C51 COMPILER V9.57.0.0, COMPILATION OF MODULE DIGITAL_TUBE_DYNAMIC_3
OBJECT MODULE PLACED IN .\Objects\Digital_Tube_Dynamic_3.obj
COMPILER INVOKED BY: C:\Keil_v5\C51\BIN\C51.EXE Digital_Tube_Dynamic_3.c OPTIMIZE(8,SPEED) BROWSE DEBUG OBJECTEXTEND PRI
                    -NT(.\Listings\Digital_Tube_Dynamic_3.lst) TABS(2) OBJECT(.\Objects\Digital_Tube_Dynamic_3.obj)

line level    source

   1          #include <reg51.h>
   2          
   3          sbit Key3=P3^2;
   4          sbit Key4=P3^3;
   5          
   6          unsigned char x=7,y=0,x_temp,y_temp,size=3, type=0, type_temp=0;
   7          
   8          void timedelay(int ms){
   9   1          unsigned int i,j;
  10   1          for(i=0; i<ms; i++){
  11   2              for(j=0; j<120; j++){
  12   3              }
  13   2          }
  14   1      }
  15          
  16          void place_change_clockwise_type0(){
  17   1          if(x == 0){
  18   2              if(y == 0){
  19   3                  y++;
  20   3              }
  21   2              else if(y == 1){
  22   3                  y=6;
  23   3              }
  24   2              else{
  25   3                  x++;
  26   3              }
  27   2          }
  28   1          else if(x == 7){
  29   2              if(y == 6){
  30   3                  y=4;
  31   3              }
  32   2              else if(y == 0){
  33   3                  x--;
  34   3              }
  35   2              else{
  36   3                  y=3;
  37   3                  type=1;
  38   3              }
  39   2          }
  40   1          else if(y == 6){
  41   2              x++;
  42   2          }
  43   1          else if(y == 0){
  44   2              x--;
  45   2          }
  46   1      }
  47          
  48          void place_change_clockwise_type1(){
  49   1          if(x == 0){
  50   2              if(y == 3){
  51   3                  y--;
  52   3              }
  53   2              else if(y == 2){
  54   3                  y=6;
C51 COMPILER V9.57.0.0   DIGITAL_TUBE_DYNAMIC_3                                            11/22/2025 14:21:10 PAGE 2   

  55   3              }
  56   2              else{
  57   3                  x++;
  58   3              }
  59   2          }
  60   1          else if(x == 7){
  61   2              if(y == 6){
  62   3                  y=5;
  63   3              }
  64   2              else if(y == 3){
  65   3                  x--;
  66   3              }
  67   2              else{
  68   3                  y=0;
  69   3                  type=0;
  70   3              }
  71   2          }
  72   1          else if(y == 6){
  73   2              x++;
  74   2          }
  75   1          else if(y == 3){
  76   2              x--;
  77   2          }
  78   1      }
  79          
  80          //only operate x_temp
  81          void place_change_anticlockwise_type0(){
  82   1          if(x_temp == 0){
  83   2              if(y_temp == 0){
  84   3                  x_temp++;
  85   3              }
  86   2              else if(y_temp == 1){
  87   3                  y_temp--;
  88   3              }
  89   2              else{
  90   3                  y_temp=1;
  91   3              }
  92   2          }
  93   1          else if(x_temp == 7){
  94   2              if(y_temp == 0){
  95   3                  y_temp=5;
  96   3                  type_temp=1;
  97   3              }
  98   2              else if(y_temp == 4){
  99   3                  y_temp=6;
 100   3              }
 101   2              else{
 102   3                  x_temp--;
 103   3              }
 104   2          }
 105   1          else if(y_temp == 6){
 106   2              x_temp--;
 107   2          }
 108   1          else if(y_temp == 0){
 109   2              x_temp++;
 110   2          }
 111   1      }
 112          
 113          //only operate x_temp
 114          void place_change_anticlockwise_type1(){
 115   1          if(x_temp == 0){
 116   2              if(y_temp == 3){
C51 COMPILER V9.57.0.0   DIGITAL_TUBE_DYNAMIC_3                                            11/22/2025 14:21:10 PAGE 3   

 117   3                  x_temp++;
 118   3              }
 119   2              else if(y_temp == 2){
 120   3                  y_temp++;
 121   3              }
 122   2              else{
 123   3                  y_temp=2;
 124   3              }
 125   2          }
 126   1          else if(x_temp == 7){
 127   2              if(y_temp == 5){
 128   3                  y_temp++;
 129   3              }
 130   2              else if(y_temp == 3){
 131   3                  y_temp=4;
 132   3                  type_temp=0;
 133   3              }
 134   2              else{
 135   3                  x_temp--;
 136   3              }
 137   2          }
 138   1          else if(y_temp == 6){
 139   2              x_temp--;
 140   2          }
 141   1          else if(y_temp == 3){
 142   2              x_temp++;
 143   2          }
 144   1      }
 145          
 146          void keycheck(){
 147   1          if(Key3 == 0){//reduce
 148   2              timedelay(350);
 149   2              if(size>1){
 150   3                  size--;
 151   3              }
 152   2          }
 153   1          if(Key4 == 0){//increase
 154   2              timedelay(350);
 155   2              if(size<18){
 156   3                  size++;
 157   3              }
 158   2          }
 159   1      }
 160          
 161          //x = 0 to 7, y = 0 to 5
 162          void show(unsigned char x, unsigned char y){
 163   1          P2 &= 0xe3; //不更改P2端口其它输出情况的同时，使三口改变输出
 164   1          P2 |= (x<<2);
 165   1          P0=0x01 << y;
 166   1          timedelay(10);
 167   1      }
 168          
 169          void show_tail(){
 170   1          unsigned char i;
 171   1          x_temp=x;
 172   1          y_temp=y;
 173   1          type_temp=type;
 174   1          for(i=size;i>1;i--){
 175   2              if(type_temp == 0){
 176   3                  place_change_anticlockwise_type0();
 177   3              }
 178   2              else{
C51 COMPILER V9.57.0.0   DIGITAL_TUBE_DYNAMIC_3                                            11/22/2025 14:21:10 PAGE 4   

 179   3                  place_change_anticlockwise_type1();
 180   3              }
 181   2              show(x_temp,y_temp);
 182   2          }
 183   1      }
 184          
 185          void main(){
 186   1          while(1){
 187   2              unsigned char i;
 188   2              for(i=10000; i>0; i--){
 189   3                  keycheck();
 190   3                  show(x,y);
 191   3                  show_tail();
 192   3              }
 193   2              if(type == 0){
 194   3                  place_change_clockwise_type0();
 195   3              }
 196   2              else{
 197   3                  place_change_clockwise_type1();
 198   3              }
 199   2          }
 200   1      }


MODULE INFORMATION:   STATIC OVERLAYABLE
   CODE SIZE        =    450    ----
   CONSTANT SIZE    =   ----    ----
   XDATA SIZE       =   ----    ----
   PDATA SIZE       =   ----    ----
   DATA SIZE        =      7       1
   IDATA SIZE       =   ----    ----
   BIT SIZE         =   ----    ----
END OF MODULE INFORMATION.


C51 COMPILATION COMPLETE.  0 WARNING(S),  0 ERROR(S)
