C51 COMPILER V9.57.0.0   DIGITAL_TUBE                                                      11/13/2025 19:25:24 PAGE 1   


C51 COMPILER V9.57.0.0, COMPILATION OF MODULE DIGITAL_TUBE
OBJECT MODULE PLACED IN .\Objects\Digital_Tube.obj
COMPILER INVOKED BY: C:\Keil_v5\C51\BIN\C51.EXE Digital_Tube.c OPTIMIZE(8,SPEED) BROWSE DEBUG OBJECTEXTEND PRINT(.\Listi
                    -ngs\Digital_Tube.lst) TABS(2) OBJECT(.\Objects\Digital_Tube.obj)

line level    source

   1          #include <reg51.h>
   2          
   3          void timedelay(int ms){
   4   1        unsigned int time = 120;
   5   1        int i,j;
   6   1        for(i=0; i<ms; i++){
   7   2          for(j=0; j<time; j++){}
   8   2        }
   9   1      }
  10          
  11          void tube(int num){
  12   1        if(num == 1){
  13   2          P2=0x06;
  14   2        }
  15   1        else if(num == 2){
  16   2          P2=0x5B;
  17   2        }
  18   1        else if(num == 3){
  19   2          P2=0x4F;
  20   2        }
  21   1        else if(num == 4){
  22   2          P2=0x66;
  23   2        }
  24   1        else if(num == 5){
  25   2          P2=0x6D;
  26   2        }
  27   1        else if(num == 6){
  28   2          P2=0x7D;
  29   2        }
  30   1        else if(num == 7){
  31   2          P2=0x07;
  32   2        }
  33   1        else if(num == 8){
  34   2          P2=0x7F;
  35   2        }
  36   1        else if(num == 9){
  37   2          P2=0xEF;
  38   2        }
  39   1        else if(num == 0){
  40   2          P2=0x3F;
  41   2        }
  42   1      }
  43          
  44          void main(){
  45   1        while(1){
  46   2          P3=1;
  47   2          tube(1);
  48   2          P3=0;
  49   2          timedelay(10000);
  50   2        }
  51   1      }


MODULE INFORMATION:   STATIC OVERLAYABLE
C51 COMPILER V9.57.0.0   DIGITAL_TUBE                                                      11/13/2025 19:25:24 PAGE 2   

   CODE SIZE        =    163    ----
   CONSTANT SIZE    =   ----    ----
   XDATA SIZE       =   ----    ----
   PDATA SIZE       =   ----    ----
   DATA SIZE        =   ----    ----
   IDATA SIZE       =   ----    ----
   BIT SIZE         =   ----    ----
END OF MODULE INFORMATION.


C51 COMPILATION COMPLETE.  0 WARNING(S),  0 ERROR(S)
