C51 COMPILER V9.57.0.0   MATRIX_KEYBOARD                                                   12/02/2025 21:03:24 PAGE 1   


C51 COMPILER V9.57.0.0, COMPILATION OF MODULE MATRIX_KEYBOARD
OBJECT MODULE PLACED IN .\Objects\Matrix_Keyboard.obj
COMPILER INVOKED BY: C:\Keil_v5\C51\BIN\C51.EXE Matrix_Keyboard.c OPTIMIZE(8,SPEED) BROWSE DEBUG OBJECTEXTEND PRINT(.\Li
                    -stings\Matrix_Keyboard.lst) TABS(2) OBJECT(.\Objects\Matrix_Keyboard.obj)

line level    source

   1          #include <reg51.h>
   2          #define KEY_PORT P3
   3          unsigned char keyVal;
   4          unsigned char num[]={0xc0, 0xf9, 0xa4, 0xb0, 0x99, 0x92, 0x82, 0xd8, 0x80, 0x90, 
   5          0x88, 0x83, 0xc6, 0xa1, 0x86, 0x8e, 0xff};
   6          
   7          void timedelay(int ms){
   8   1          unsigned int i,j;
   9   1          for(i=0; i<ms; i++){
  10   2              for(j=0; j<120; j++){
  11   3              }
  12   2          }
  13   1      }
  14          
  15          unsigned char keyscan(){
  16   1          unsigned char row,col;
  17   1          KEY_PORT = 0x0f; //行线全为1
  18   1          if(KEY_PORT!=0x0f){ //检测
  19   2              timedelay(20);
  20   2              if(KEY_PORT!=0x0f){
  21   3                  row=KEY_PORT;
  22   3                  KEY_PORT=0xf0; //列线全为1
  23   3                  col=KEY_PORT;
  24   3                  while(KEY_PORT!=0xf0);
  25   3                  return(row|col);
  26   3              }
  27   2          }
  28   1      }
  29          
  30          void read_key(){
  31   1          unsigned char key;
  32   1          key = keyscan();
  33   1          switch (key){
  34   2              case 0xee: keyVal=0; break;
  35   2              case 0xde: keyVal=1; break;
  36   2              case 0xbe: keyVal=2; break;
  37   2              case 0x7e: keyVal=3; break;
  38   2              case 0xed: keyVal=4; break;
  39   2              case 0xdd: keyVal=5; break;
  40   2              case 0xbd: keyVal=6; break;
  41   2              case 0x7d: keyVal=7; break;
  42   2              case 0xeb: keyVal=8; break;
  43   2              case 0xdb: keyVal=9; break;
  44   2              case 0xbb: keyVal=10; break;
  45   2              case 0x7b: keyVal=11; break;
  46   2              case 0xe7: keyVal=12; break;
  47   2              case 0xd7: keyVal=13; break;
  48   2              case 0xb7: keyVal=14; break;
  49   2              case 0x77: keyVal=15; break;
  50   2          }
  51   1      }
  52          
  53          void main(){
  54   1          keyVal = 16;
C51 COMPILER V9.57.0.0   MATRIX_KEYBOARD                                                   12/02/2025 21:03:24 PAGE 2   

  55   1          while(1){
  56   2              read_key();
  57   2              P1=num[keyVal];
  58   2          }
  59   1      }
*** WARNING C291 IN LINE 28 OF Matrix_Keyboard.c: not every exit path returns a value


MODULE INFORMATION:   STATIC OVERLAYABLE
   CODE SIZE        =    209    ----
   CONSTANT SIZE    =   ----    ----
   XDATA SIZE       =   ----    ----
   PDATA SIZE       =   ----    ----
   DATA SIZE        =     18    ----
   IDATA SIZE       =   ----    ----
   BIT SIZE         =   ----    ----
END OF MODULE INFORMATION.


C51 COMPILATION COMPLETE.  1 WARNING(S),  0 ERROR(S)
