C51 COMPILER V9.57.0.0   SOFTWARE_DELAY_MEASUREMENT                                        12/11/2025 22:18:38 PAGE 1   


C51 COMPILER V9.57.0.0, COMPILATION OF MODULE SOFTWARE_DELAY_MEASUREMENT
OBJECT MODULE PLACED IN .\Objects\Software_Delay_Measurement.obj
COMPILER INVOKED BY: C:\Keil_v5\C51\BIN\C51.EXE Software_Delay_Measurement.c OPTIMIZE(8,SPEED) BROWSE DEBUG OBJECTEXTEND
                    - PRINT(.\Listings\Software_Delay_Measurement.lst) TABS(2) OBJECT(.\Objects\Software_Delay_Measurement.obj)

line level    source

   1          #include <reg51.h>
   2          //使用计数器中断实现对软件延时函数的测量
   3          
   4          sbit KEY3=P3^2;
   5          
   6          unsigned char segCode[10]={0x3f, 0x06, 0x5b, 0x4f, 0x66, 0x6d, 0x7d, 0x27, 0x7f, 0x6f};
   7          unsigned char disp[8];
   8          unsigned int time=0;
   9          bit time_ready = 0;
  10          
  11          //将当前时间拆分，用于数码管显示
  12          void calc(){
  13   1          unsigned int i, temp=time;
  14   1          for(i=0; i<8; i++){
  15   2              disp[i]=segCode[temp%10];
  16   2              temp/=10;
  17   2              if(temp==0){
  18   3                  break;
  19   3              }
  20   2          }
  21   1      }
  22          
  23          //被测量的延时函数
  24          void delay(unsigned int a){
  25   1          while(a--);
  26   1      }
  27          
  28          void show(){
  29   1          unsigned char i;
  30   1          for(i=0; i<8; i++){
  31   2              P2 &= 0xe3; //不更改P2端口其它输出情况的同时，使三口改变输出
  32   2              P2 |= (i<<2);
  33   2              P0=disp[i];
  34   2              delay(120);
  35   2          }
  36   1      }
  37          
  38          void init(){
  39   1          EA=1;
  40   1          EX0=1;
  41   1          IT0=1;
  42   1      
  43   1          ET0=0;
  44   1          TMOD=0x01; //定时器模式、16位计数器
  45   1      }
  46          
  47          //外部中断服务程序，用于软件激活定时器中断
  48          void key_check() interrupt 0{
  49   1          if (time_ready == 1) return;
  50   1          TL0=0x00; //设定初值
  51   1          TH0=0x00;
  52   1          TR0=1;
  53   1          delay(1000);
  54   1          TR0=0;
C51 COMPILER V9.57.0.0   SOFTWARE_DELAY_MEASUREMENT                                        12/11/2025 22:18:38 PAGE 2   

  55   1          time = time + TL0 + (TH0 << 8);
  56   1          time_ready = 1;
  57   1      }
  58          
  59          void main(){
  60   1          init();
  61   1          while(1){
  62   2              if(time_ready){
  63   3                  calc();
  64   3              }
  65   2              show();
  66   2          }
  67   1      }


MODULE INFORMATION:   STATIC OVERLAYABLE
   CODE SIZE        =    209    ----
   CONSTANT SIZE    =   ----    ----
   XDATA SIZE       =   ----    ----
   PDATA SIZE       =   ----    ----
   DATA SIZE        =     20       2
   IDATA SIZE       =   ----    ----
   BIT SIZE         =      1    ----
END OF MODULE INFORMATION.


C51 COMPILATION COMPLETE.  0 WARNING(S),  0 ERROR(S)
