C51 COMPILER V9.57.0.0   SQUARE_WAVE_GENERATOR                                             12/18/2025 19:11:37 PAGE 1   


C51 COMPILER V9.57.0.0, COMPILATION OF MODULE SQUARE_WAVE_GENERATOR
OBJECT MODULE PLACED IN .\Objects\Square_Wave_Generator.obj
COMPILER INVOKED BY: C:\Keil_v5\C51\BIN\C51.EXE Square_Wave_Generator.c OPTIMIZE(8,SPEED) BROWSE DEBUG OBJECTEXTEND PRIN
                    -T(.\Listings\Square_Wave_Generator.lst) TABS(2) OBJECT(.\Objects\Square_Wave_Generator.obj)

line level    source

   1          #include <reg51.h>
   2          #define dutytime_us 200
   3          #define freetime_us 800
   4          sbit Output=P2^0;
   5          unsigned char dutyflag;
   6          
   7          void init_timer(){
   8   1          TMOD=0X01;
   9   1          TH0=(65536-dutytime_us)/256;
  10   1          TL0=(65536-dutytime_us)%256;
  11   1          EA=1;
  12   1          ET0=1;
  13   1          TR0=1;
  14   1          dutyflag=1;
  15   1          Output=1;
  16   1      }
  17          
  18          void main(){
  19   1          init_timer();
  20   1          while(1);
  21   1      }
  22          
  23          void timer() interrupt 1{
  24   1          if(dutyflag){
  25   2              TH0=(65536-freetime_us)/256;
  26   2              TL0=(65536-freetime_us)%256;
  27   2              dutyflag=0;
  28   2              Output=0;
  29   2          }
  30   1          else{
  31   2              TH0=(65536-dutytime_us)/256;
  32   2              TL0=(65536-dutytime_us)%256;
  33   2              dutyflag=1;
  34   2              Output=1;
  35   2          }
  36   1      }


MODULE INFORMATION:   STATIC OVERLAYABLE
   CODE SIZE        =     59    ----
   CONSTANT SIZE    =   ----    ----
   XDATA SIZE       =   ----    ----
   PDATA SIZE       =   ----    ----
   DATA SIZE        =      1    ----
   IDATA SIZE       =   ----    ----
   BIT SIZE         =   ----    ----
END OF MODULE INFORMATION.


C51 COMPILATION COMPLETE.  0 WARNING(S),  0 ERROR(S)
